>main 
>docker_pull_images
13: Pulling from library/postgres
578acb154839: Pulling fs layer
0cb5f5e28169: Pulling fs layer
9ef2e5d67865: Pulling fs layer
fa87803501c7: Pulling fs layer
ff071e7869a8: Pulling fs layer
93f513653853: Pulling fs layer
51c8520fea57: Pulling fs layer
357ab8271670: Pulling fs layer
34390e5802a1: Pulling fs layer
2f933ffc9bd2: Pulling fs layer
eb8c0dea5011: Pulling fs layer
19fc5c6ea11e: Pulling fs layer
fa87803501c7: Waiting
ff071e7869a8: Waiting
93f513653853: Waiting
eb8c0dea5011: Waiting
51c8520fea57: Waiting
445ea09de95a: Pulling fs layer
19fc5c6ea11e: Waiting
2f933ffc9bd2: Waiting
34390e5802a1: Waiting
445ea09de95a: Waiting
0cb5f5e28169: Download complete
9ef2e5d67865: Verifying Checksum
9ef2e5d67865: Download complete
578acb154839: Download complete
fa87803501c7: Verifying Checksum
fa87803501c7: Download complete
ff071e7869a8: Verifying Checksum
ff071e7869a8: Download complete
578acb154839: Pull complete
0cb5f5e28169: Pull complete
51c8520fea57: Download complete
93f513653853: Verifying Checksum
93f513653853: Download complete
9ef2e5d67865: Pull complete
fa87803501c7: Pull complete
357ab8271670: Download complete
ff071e7869a8: Pull complete
93f513653853: Pull complete
51c8520fea57: Pull complete
357ab8271670: Pull complete
2f933ffc9bd2: Verifying Checksum
2f933ffc9bd2: Download complete
eb8c0dea5011: Verifying Checksum
eb8c0dea5011: Download complete
19fc5c6ea11e: Download complete
445ea09de95a: Download complete
34390e5802a1: Verifying Checksum
34390e5802a1: Download complete
34390e5802a1: Pull complete
2f933ffc9bd2: Pull complete
eb8c0dea5011: Pull complete
19fc5c6ea11e: Pull complete
445ea09de95a: Pull complete
Digest: sha256:2728adcce0806603f243440f9402e61b51265c46b92d0a998c255741c3b6c48b
Status: Downloaded newer image for postgres:13
docker.io/library/postgres:13
3.4.1.0: Pulling from kong/kong-gateway
445a6a12be2b: Pulling fs layer
cc88ea33f7e6: Pulling fs layer
5c51cd113c5b: Pulling fs layer
fcead6caac65: Pulling fs layer
fcead6caac65: Waiting
445a6a12be2b: Verifying Checksum
445a6a12be2b: Download complete
445a6a12be2b: Pull complete
fcead6caac65: Download complete
cc88ea33f7e6: Verifying Checksum
cc88ea33f7e6: Download complete
cc88ea33f7e6: Pull complete
5c51cd113c5b: Download complete
5c51cd113c5b: Pull complete
fcead6caac65: Pull complete
Digest: sha256:cda4cb9fba4d4bf0b065a88d6ad4920c25b7903353355d9b35c54dd0288a61b0
Status: Downloaded newer image for kong/kong-gateway:3.4.1.0
docker.io/kong/kong-gateway:3.4.1.0
<docker_pull_images
>destroy_kong
Error response from daemon: No such container: kong-quickstart-gateway
Error response from daemon: No such container: kong-quickstart-database
Error response from daemon: network kong-quickstart-net not found
<destroy_kong
>init
4963c3d4330f707a6dad187b3aa952eba62a606411043240a568b4cf9c16cdac
<init
>db
ce16b454cfb156d074296c10dff827e560b125361ee4d314679cf37aad850cc3
>wait_for_db
/var/run/postgresql:5432 - no response
/var/run/postgresql:5432 - accepting connections
<wait_for_db
>init_db
Bootstrapping database...
migrating core on database 'kong'...
core migrated up to: 000_base (executed)
core migrated up to: 003_100_to_110 (executed)
core migrated up to: 004_110_to_120 (executed)
core migrated up to: 005_120_to_130 (executed)
core migrated up to: 006_130_to_140 (executed)
core migrated up to: 007_140_to_150 (executed)
core migrated up to: 008_150_to_200 (executed)
core migrated up to: 009_200_to_210 (executed)
core migrated up to: 010_210_to_211 (executed)
core migrated up to: 011_212_to_213 (executed)
core migrated up to: 012_213_to_220 (executed)
core migrated up to: 013_220_to_230 (executed)
core migrated up to: 014_230_to_260 (executed)
core migrated up to: 015_260_to_270 (executed)
core migrated up to: 016_270_to_280 (executed)
core migrated up to: 016_280_to_300 (executed)
core migrated up to: 017_300_to_310 (executed)
core migrated up to: 018_310_to_320 (executed)
core migrated up to: 019_320_to_330 (executed)
core migrated up to: 020_330_to_340 (executed)
migrating acl on database 'kong'...
acl migrated up to: 000_base_acl (executed)
acl migrated up to: 002_130_to_140 (executed)
acl migrated up to: 003_200_to_210 (executed)
acl migrated up to: 004_212_to_213 (executed)
migrating acme on database 'kong'...
acme migrated up to: 000_base_acme (executed)
acme migrated up to: 001_280_to_300 (executed)
acme migrated up to: 002_320_to_330 (executed)
migrating basic-auth on database 'kong'...
basic-auth migrated up to: 000_base_basic_auth (executed)
basic-auth migrated up to: 002_130_to_140 (executed)
basic-auth migrated up to: 003_200_to_210 (executed)
migrating bot-detection on database 'kong'...
bot-detection migrated up to: 001_200_to_210 (executed)
migrating canary on database 'kong'...
canary migrated up to: 001_200_to_210 (executed)
migrating degraphql on database 'kong'...
degraphql migrated up to: 000_base (executed)
migrating graphql-rate-limiting-advanced on database 'kong'...
graphql-rate-limiting-advanced migrated up to: 000_base_gql_rate_limiting (executed)
migrating hmac-auth on database 'kong'...
hmac-auth migrated up to: 000_base_hmac_auth (executed)
hmac-auth migrated up to: 002_130_to_140 (executed)
hmac-auth migrated up to: 003_200_to_210 (executed)
migrating http-log on database 'kong'...
http-log migrated up to: 001_280_to_300 (executed)
migrating ip-restriction on database 'kong'...
ip-restriction migrated up to: 001_200_to_210 (executed)
migrating jwt on database 'kong'...
jwt migrated up to: 000_base_jwt (executed)
jwt migrated up to: 002_130_to_140 (executed)
jwt migrated up to: 003_200_to_210 (executed)
migrating jwt-signer on database 'kong'...
jwt-signer migrated up to: 000_base_jwt_signer (executed)
jwt-signer migrated up to: 001_200_to_210 (executed)
migrating key-auth on database 'kong'...
key-auth migrated up to: 000_base_key_auth (executed)
key-auth migrated up to: 002_130_to_140 (executed)
key-auth migrated up to: 003_200_to_210 (executed)
key-auth migrated up to: 004_320_to_330 (executed)
migrating key-auth-enc on database 'kong'...
key-auth-enc migrated up to: 000_base_key_auth_enc (executed)
key-auth-enc migrated up to: 001_200_to_210 (executed)
migrating konnect-application-auth on database 'kong'...
konnect-application-auth migrated up to: 000_base_konnect_applications (executed)
migrating mtls-auth on database 'kong'...
mtls-auth migrated up to: 000_base_mtls_auth (executed)
mtls-auth migrated up to: 001_200_to_210 (executed)
mtls-auth migrated up to: 002_2200_to_2300 (executed)
migrating oauth2 on database 'kong'...
oauth2 migrated up to: 000_base_oauth2 (executed)
oauth2 migrated up to: 003_130_to_140 (executed)
oauth2 migrated up to: 004_200_to_210 (executed)
oauth2 migrated up to: 005_210_to_211 (executed)
oauth2 migrated up to: 006_320_to_330 (executed)
oauth2 migrated up to: 007_320_to_330 (executed)
migrating openid-connect on database 'kong'...
openid-connect migrated up to: 000_base_openid_connect (executed)
openid-connect migrated up to: 001_14_to_15 (executed)
openid-connect migrated up to: 002_200_to_210 (executed)
openid-connect migrated up to: 003_280_to_300 (executed)
migrating post-function on database 'kong'...
post-function migrated up to: 001_280_to_300 (executed)
migrating pre-function on database 'kong'...
pre-function migrated up to: 001_280_to_300 (executed)
migrating proxy-cache-advanced on database 'kong'...
proxy-cache-advanced migrated up to: 001_035_to_050 (executed)
migrating rate-limiting on database 'kong'...
rate-limiting migrated up to: 000_base_rate_limiting (executed)
rate-limiting migrated up to: 003_10_to_112 (executed)
rate-limiting migrated up to: 004_200_to_210 (executed)
rate-limiting migrated up to: 005_320_to_330 (executed)
migrating response-ratelimiting on database 'kong'...
response-ratelimiting migrated up to: 000_base_response_rate_limiting (executed)
migrating session on database 'kong'...
session migrated up to: 000_base_session (executed)
session migrated up to: 001_add_ttl_index (executed)
session migrated up to: 002_320_to_330 (executed)
migrating vault-auth on database 'kong'...
vault-auth migrated up to: 000_base_vault_auth (executed)
vault-auth migrated up to: 001_280_to_300 (executed)
vault-auth migrated up to: 002_300_to_310 (executed)
migrating enterprise on database 'kong'...
enterprise migrated up to: 000_base (executed)
enterprise migrated up to: 006_1301_to_1500 (executed)
enterprise migrated up to: 006_1301_to_1302 (executed)
enterprise migrated up to: 010_1500_to_2100 (executed)
enterprise migrated up to: 007_1500_to_1504 (executed)
enterprise migrated up to: 008_1504_to_1505 (executed)
enterprise migrated up to: 007_1500_to_2100 (executed)
enterprise migrated up to: 009_1506_to_1507 (executed)
enterprise migrated up to: 009_2100_to_2200 (executed)
enterprise migrated up to: 010_2200_to_2211 (executed)
enterprise migrated up to: 010_2200_to_2300 (executed)
enterprise migrated up to: 010_2200_to_2300_1 (executed)
enterprise migrated up to: 011_2300_to_2600 (executed)
enterprise migrated up to: 012_2600_to_2700 (executed)
enterprise migrated up to: 012_2600_to_2700_1 (executed)
enterprise migrated up to: 013_2700_to_2800 (executed)
enterprise migrated up to: 014_2800_to_3000 (executed)
enterprise migrated up to: 015_3000_to_3100 (executed)
enterprise migrated up to: 016_3100_to_3200 (executed)
enterprise migrated up to: 017_3200_to_3300 (executed)
enterprise migrated up to: 018_3300_to_3400 (executed)
migrating enterprise.acl on database 'kong'...
enterprise.acl migrated up to: 001_1500_to_2100 (executed)
migrating enterprise.basic-auth on database 'kong'...
enterprise.basic-auth migrated up to: 001_1500_to_2100 (executed)
migrating enterprise.hmac-auth on database 'kong'...
enterprise.hmac-auth migrated up to: 001_1500_to_2100 (executed)
migrating enterprise.jwt on database 'kong'...
enterprise.jwt migrated up to: 001_1500_to_2100 (executed)
migrating enterprise.key-auth on database 'kong'...
enterprise.key-auth migrated up to: 001_1500_to_2100 (executed)
migrating enterprise.key-auth-enc on database 'kong'...
enterprise.key-auth-enc migrated up to: 001_1500_to_2100 (executed)
enterprise.key-auth-enc migrated up to: 002_3100_to_3200 (executed)
enterprise.key-auth-enc migrated up to: 002_2800_to_3200 (executed)
migrating enterprise.mtls-auth on database 'kong'...
enterprise.mtls-auth migrated up to: 001_1500_to_2100 (executed)
enterprise.mtls-auth migrated up to: 002_2200_to_2300 (executed)
migrating enterprise.oauth2 on database 'kong'...
enterprise.oauth2 migrated up to: 001_1500_to_2100 (executed)
enterprise.oauth2 migrated up to: 002_2200_to_2211 (executed)
migrating enterprise.request-transformer-advanced on database 'kong'...
enterprise.request-transformer-advanced migrated up to: 001_1500_to_2100 (executed)
migrating enterprise.response-transformer-advanced on database 'kong'...
enterprise.response-transformer-advanced migrated up to: 001_1500_to_2100 (executed)
113 migrations processed
113 executed
Database is up-to-date
<init_db
<db
>kong
530aa394a5e73a71d821c138ab46815d63e6ad0b7931fe02227d9441f610943a
>wait_for_kong
Error: 
/usr/local/share/lua/5.1/kong/cmd/health.lua:24: Kong is not running at /usr/local/kong
stack traceback:
	[C]: in function 'assert'
	/usr/local/share/lua/5.1/kong/cmd/health.lua:24: in function 'cmd_exec'
	/usr/local/share/lua/5.1/kong/cmd/init.lua:38: in function </usr/local/share/lua/5.1/kong/cmd/init.lua:38>
	[C]: in function 'xpcall'
	/usr/local/share/lua/5.1/kong/cmd/init.lua:38: in function </usr/local/share/lua/5.1/kong/cmd/init.lua:22>
	(command line -e):7: in function 'inline_gen'
	init_worker_by_lua:44: in function <init_worker_by_lua:43>
	[C]: in function 'xpcall'
	init_worker_by_lua:52: in function <init_worker_by_lua:50>
2023/11/02 13:36:40 [verbose] Kong: 3.4.1.0-enterprise-edition
2023/11/02 13:36:40 [verbose] prefix in use: /usr/local/kong
Error: 
/usr/local/share/lua/5.1/kong/cmd/health.lua:46: Kong is not running at /usr/local/kong
stack traceback:
	[C]: in function 'assert'
	/usr/local/share/lua/5.1/kong/cmd/health.lua:46: in function 'cmd_exec'
	/usr/local/share/lua/5.1/kong/cmd/init.lua:38: in function </usr/local/share/lua/5.1/kong/cmd/init.lua:38>
	[C]: in function 'xpcall'
	/usr/local/share/lua/5.1/kong/cmd/init.lua:38: in function </usr/local/share/lua/5.1/kong/cmd/init.lua:22>
	(command line -e):7: in function 'inline_gen'
	init_worker_by_lua:44: in function <init_worker_by_lua:43>
	[C]: in function 'xpcall'
	init_worker_by_lua:52: in function <init_worker_by_lua:50>
2023/11/02 13:36:43 [verbose] Kong: 3.4.1.0-enterprise-edition
2023/11/02 13:36:43 [verbose] prefix in use: /usr/local/kong
2023/11/02 13:36:43 [verbose] reading config file at /usr/local/kong/.kong_env
2023/11/02 13:36:43 [verbose] prefix in use: /usr/local/kong
2023/11/02 13:36:43 [info] nginx.......not running
2023/11/02 13:36:43 [info] 
Error: 
/usr/local/share/lua/5.1/kong/cmd/health.lua:46: Kong is not running at /usr/local/kong
stack traceback:
	[C]: in function 'assert'
	/usr/local/share/lua/5.1/kong/cmd/health.lua:46: in function 'cmd_exec'
	/usr/local/share/lua/5.1/kong/cmd/init.lua:38: in function </usr/local/share/lua/5.1/kong/cmd/init.lua:38>
	[C]: in function 'xpcall'
	/usr/local/share/lua/5.1/kong/cmd/init.lua:38: in function </usr/local/share/lua/5.1/kong/cmd/init.lua:22>
	(command line -e):7: in function 'inline_gen'
	init_worker_by_lua:44: in function <init_worker_by_lua:43>
	[C]: in function 'xpcall'
	init_worker_by_lua:52: in function <init_worker_by_lua:50>
2023/11/02 13:36:45 [verbose] Kong: 3.4.1.0-enterprise-edition
2023/11/02 13:36:45 [verbose] prefix in use: /usr/local/kong
2023/11/02 13:36:45 [verbose] reading config file at /usr/local/kong/.kong_env
2023/11/02 13:36:45 [verbose] prefix in use: /usr/local/kong
2023/11/02 13:36:45 [info] nginx.......not running
2023/11/02 13:36:45 [info] 
2023/11/02 13:36:48 [verbose] Kong: 3.4.1.0-enterprise-edition
2023/11/02 13:36:48 [verbose] prefix in use: /usr/local/kong
2023/11/02 13:36:48 [verbose] reading config file at /usr/local/kong/.kong_env
2023/11/02 13:36:48 [verbose] prefix in use: /usr/local/kong
2023/11/02 13:36:48 [info] nginx.......running
2023/11/02 13:36:48 [info] 
2023/11/02 13:36:48 [info] Kong is healthy at /usr/local/kong
<wait_for_kong
<kong
>validate_kong
<validate_kong
<main
>main -d -a kong-quickstart
>main 
>docker_pull_images
13: Pulling from library/postgres
Digest: sha256:2728adcce0806603f243440f9402e61b51265c46b92d0a998c255741c3b6c48b
Status: Image is up to date for postgres:13
docker.io/library/postgres:13
3.4.1.0: Pulling from kong/kong-gateway
Digest: sha256:cda4cb9fba4d4bf0b065a88d6ad4920c25b7903353355d9b35c54dd0288a61b0
Status: Image is up to date for kong/kong-gateway:3.4.1.0
docker.io/kong/kong-gateway:3.4.1.0
<docker_pull_images
>destroy_kong
Error response from daemon: No such container: kong-quickstart-gateway
Error response from daemon: No such container: kong-quickstart-database
Error response from daemon: network kong-quickstart-net not found
<destroy_kong
>init
50fcecae77903d6d9aa93d8af4c42c5c0cdde374051e27c311fd5d93d05c8721
<init
>db
618f26ea4d2a5f3a2a5f27b6560a94313f92c4fdbbf92d8b18916ec9fbdb312b
>wait_for_db
/var/run/postgresql:5432 - no response
/var/run/postgresql:5432 - accepting connections
<wait_for_db
>init_db
Bootstrapping database...
migrating core on database 'kong'...
core migrated up to: 000_base (executed)
core migrated up to: 003_100_to_110 (executed)
core migrated up to: 004_110_to_120 (executed)
core migrated up to: 005_120_to_130 (executed)
core migrated up to: 006_130_to_140 (executed)
core migrated up to: 007_140_to_150 (executed)
core migrated up to: 008_150_to_200 (executed)
core migrated up to: 009_200_to_210 (executed)
core migrated up to: 010_210_to_211 (executed)
core migrated up to: 011_212_to_213 (executed)
core migrated up to: 012_213_to_220 (executed)
core migrated up to: 013_220_to_230 (executed)
core migrated up to: 014_230_to_260 (executed)
core migrated up to: 015_260_to_270 (executed)
core migrated up to: 016_270_to_280 (executed)
core migrated up to: 016_280_to_300 (executed)
core migrated up to: 017_300_to_310 (executed)
core migrated up to: 018_310_to_320 (executed)
core migrated up to: 019_320_to_330 (executed)
core migrated up to: 020_330_to_340 (executed)
migrating acl on database 'kong'...
acl migrated up to: 000_base_acl (executed)
acl migrated up to: 002_130_to_140 (executed)
acl migrated up to: 003_200_to_210 (executed)
acl migrated up to: 004_212_to_213 (executed)
migrating acme on database 'kong'...
acme migrated up to: 000_base_acme (executed)
acme migrated up to: 001_280_to_300 (executed)
acme migrated up to: 002_320_to_330 (executed)
migrating basic-auth on database 'kong'...
basic-auth migrated up to: 000_base_basic_auth (executed)
basic-auth migrated up to: 002_130_to_140 (executed)
basic-auth migrated up to: 003_200_to_210 (executed)
migrating bot-detection on database 'kong'...
bot-detection migrated up to: 001_200_to_210 (executed)
migrating canary on database 'kong'...
canary migrated up to: 001_200_to_210 (executed)
migrating degraphql on database 'kong'...
degraphql migrated up to: 000_base (executed)
migrating graphql-rate-limiting-advanced on database 'kong'...
graphql-rate-limiting-advanced migrated up to: 000_base_gql_rate_limiting (executed)
migrating hmac-auth on database 'kong'...
hmac-auth migrated up to: 000_base_hmac_auth (executed)
hmac-auth migrated up to: 002_130_to_140 (executed)
hmac-auth migrated up to: 003_200_to_210 (executed)
migrating http-log on database 'kong'...
http-log migrated up to: 001_280_to_300 (executed)
migrating ip-restriction on database 'kong'...
ip-restriction migrated up to: 001_200_to_210 (executed)
migrating jwt on database 'kong'...
jwt migrated up to: 000_base_jwt (executed)
jwt migrated up to: 002_130_to_140 (executed)
jwt migrated up to: 003_200_to_210 (executed)
migrating jwt-signer on database 'kong'...
jwt-signer migrated up to: 000_base_jwt_signer (executed)
jwt-signer migrated up to: 001_200_to_210 (executed)
migrating key-auth on database 'kong'...
key-auth migrated up to: 000_base_key_auth (executed)
key-auth migrated up to: 002_130_to_140 (executed)
key-auth migrated up to: 003_200_to_210 (executed)
key-auth migrated up to: 004_320_to_330 (executed)
migrating key-auth-enc on database 'kong'...
key-auth-enc migrated up to: 000_base_key_auth_enc (executed)
key-auth-enc migrated up to: 001_200_to_210 (executed)
migrating konnect-application-auth on database 'kong'...
konnect-application-auth migrated up to: 000_base_konnect_applications (executed)
migrating mtls-auth on database 'kong'...
mtls-auth migrated up to: 000_base_mtls_auth (executed)
mtls-auth migrated up to: 001_200_to_210 (executed)
mtls-auth migrated up to: 002_2200_to_2300 (executed)
migrating oauth2 on database 'kong'...
oauth2 migrated up to: 000_base_oauth2 (executed)
oauth2 migrated up to: 003_130_to_140 (executed)
oauth2 migrated up to: 004_200_to_210 (executed)
oauth2 migrated up to: 005_210_to_211 (executed)
oauth2 migrated up to: 006_320_to_330 (executed)
oauth2 migrated up to: 007_320_to_330 (executed)
migrating openid-connect on database 'kong'...
openid-connect migrated up to: 000_base_openid_connect (executed)
openid-connect migrated up to: 001_14_to_15 (executed)
openid-connect migrated up to: 002_200_to_210 (executed)
openid-connect migrated up to: 003_280_to_300 (executed)
migrating post-function on database 'kong'...
post-function migrated up to: 001_280_to_300 (executed)
migrating pre-function on database 'kong'...
pre-function migrated up to: 001_280_to_300 (executed)
migrating proxy-cache-advanced on database 'kong'...
proxy-cache-advanced migrated up to: 001_035_to_050 (executed)
migrating rate-limiting on database 'kong'...
rate-limiting migrated up to: 000_base_rate_limiting (executed)
rate-limiting migrated up to: 003_10_to_112 (executed)
rate-limiting migrated up to: 004_200_to_210 (executed)
rate-limiting migrated up to: 005_320_to_330 (executed)
migrating response-ratelimiting on database 'kong'...
response-ratelimiting migrated up to: 000_base_response_rate_limiting (executed)
migrating session on database 'kong'...
session migrated up to: 000_base_session (executed)
session migrated up to: 001_add_ttl_index (executed)
session migrated up to: 002_320_to_330 (executed)
migrating vault-auth on database 'kong'...
vault-auth migrated up to: 000_base_vault_auth (executed)
vault-auth migrated up to: 001_280_to_300 (executed)
vault-auth migrated up to: 002_300_to_310 (executed)
migrating enterprise on database 'kong'...
enterprise migrated up to: 000_base (executed)
enterprise migrated up to: 006_1301_to_1500 (executed)
enterprise migrated up to: 006_1301_to_1302 (executed)
enterprise migrated up to: 010_1500_to_2100 (executed)
enterprise migrated up to: 007_1500_to_1504 (executed)
enterprise migrated up to: 008_1504_to_1505 (executed)
enterprise migrated up to: 007_1500_to_2100 (executed)
enterprise migrated up to: 009_1506_to_1507 (executed)
enterprise migrated up to: 009_2100_to_2200 (executed)
enterprise migrated up to: 010_2200_to_2211 (executed)
enterprise migrated up to: 010_2200_to_2300 (executed)
enterprise migrated up to: 010_2200_to_2300_1 (executed)
enterprise migrated up to: 011_2300_to_2600 (executed)
enterprise migrated up to: 012_2600_to_2700 (executed)
enterprise migrated up to: 012_2600_to_2700_1 (executed)
enterprise migrated up to: 013_2700_to_2800 (executed)
enterprise migrated up to: 014_2800_to_3000 (executed)
enterprise migrated up to: 015_3000_to_3100 (executed)
enterprise migrated up to: 016_3100_to_3200 (executed)
enterprise migrated up to: 017_3200_to_3300 (executed)
enterprise migrated up to: 018_3300_to_3400 (executed)
migrating enterprise.acl on database 'kong'...
enterprise.acl migrated up to: 001_1500_to_2100 (executed)
migrating enterprise.basic-auth on database 'kong'...
enterprise.basic-auth migrated up to: 001_1500_to_2100 (executed)
migrating enterprise.hmac-auth on database 'kong'...
enterprise.hmac-auth migrated up to: 001_1500_to_2100 (executed)
migrating enterprise.jwt on database 'kong'...
enterprise.jwt migrated up to: 001_1500_to_2100 (executed)
migrating enterprise.key-auth on database 'kong'...
enterprise.key-auth migrated up to: 001_1500_to_2100 (executed)
migrating enterprise.key-auth-enc on database 'kong'...
enterprise.key-auth-enc migrated up to: 001_1500_to_2100 (executed)
enterprise.key-auth-enc migrated up to: 002_3100_to_3200 (executed)
enterprise.key-auth-enc migrated up to: 002_2800_to_3200 (executed)
migrating enterprise.mtls-auth on database 'kong'...
enterprise.mtls-auth migrated up to: 001_1500_to_2100 (executed)
enterprise.mtls-auth migrated up to: 002_2200_to_2300 (executed)
migrating enterprise.oauth2 on database 'kong'...
enterprise.oauth2 migrated up to: 001_1500_to_2100 (executed)
enterprise.oauth2 migrated up to: 002_2200_to_2211 (executed)
migrating enterprise.request-transformer-advanced on database 'kong'...
enterprise.request-transformer-advanced migrated up to: 001_1500_to_2100 (executed)
migrating enterprise.response-transformer-advanced on database 'kong'...
enterprise.response-transformer-advanced migrated up to: 001_1500_to_2100 (executed)
113 migrations processed
113 executed
Database is up-to-date
<init_db
<db
>kong
7b2b68a7c34d6350fb2a412502af6856e222c0a5905bf6b2071139a498441406
>wait_for_kong
Error: 
/usr/local/share/lua/5.1/kong/cmd/health.lua:24: Kong is not running at /usr/local/kong
stack traceback:
	[C]: in function 'assert'
	/usr/local/share/lua/5.1/kong/cmd/health.lua:24: in function 'cmd_exec'
	/usr/local/share/lua/5.1/kong/cmd/init.lua:38: in function </usr/local/share/lua/5.1/kong/cmd/init.lua:38>
	[C]: in function 'xpcall'
	/usr/local/share/lua/5.1/kong/cmd/init.lua:38: in function </usr/local/share/lua/5.1/kong/cmd/init.lua:22>
	(command line -e):7: in function 'inline_gen'
	init_worker_by_lua:44: in function <init_worker_by_lua:43>
	[C]: in function 'xpcall'
	init_worker_by_lua:52: in function <init_worker_by_lua:50>
2023/11/02 14:01:55 [verbose] Kong: 3.4.1.0-enterprise-edition
2023/11/02 14:01:55 [verbose] prefix in use: /usr/local/kong
Error: 
/usr/local/share/lua/5.1/kong/cmd/health.lua:46: Kong is not running at /usr/local/kong
stack traceback:
	[C]: in function 'assert'
	/usr/local/share/lua/5.1/kong/cmd/health.lua:46: in function 'cmd_exec'
	/usr/local/share/lua/5.1/kong/cmd/init.lua:38: in function </usr/local/share/lua/5.1/kong/cmd/init.lua:38>
	[C]: in function 'xpcall'
	/usr/local/share/lua/5.1/kong/cmd/init.lua:38: in function </usr/local/share/lua/5.1/kong/cmd/init.lua:22>
	(command line -e):7: in function 'inline_gen'
	init_worker_by_lua:44: in function <init_worker_by_lua:43>
	[C]: in function 'xpcall'
	init_worker_by_lua:52: in function <init_worker_by_lua:50>
2023/11/02 14:01:59 [verbose] Kong: 3.4.1.0-enterprise-edition
2023/11/02 14:01:59 [verbose] prefix in use: /usr/local/kong
2023/11/02 14:01:59 [verbose] reading config file at /usr/local/kong/.kong_env
2023/11/02 14:01:59 [verbose] prefix in use: /usr/local/kong
2023/11/02 14:01:59 [info] nginx.......not running
2023/11/02 14:01:59 [info] 
Error: 
/usr/local/share/lua/5.1/kong/cmd/health.lua:46: Kong is not running at /usr/local/kong
stack traceback:
	[C]: in function 'assert'
	/usr/local/share/lua/5.1/kong/cmd/health.lua:46: in function 'cmd_exec'
	/usr/local/share/lua/5.1/kong/cmd/init.lua:38: in function </usr/local/share/lua/5.1/kong/cmd/init.lua:38>
	[C]: in function 'xpcall'
	/usr/local/share/lua/5.1/kong/cmd/init.lua:38: in function </usr/local/share/lua/5.1/kong/cmd/init.lua:22>
	(command line -e):7: in function 'inline_gen'
	init_worker_by_lua:44: in function <init_worker_by_lua:43>
	[C]: in function 'xpcall'
	init_worker_by_lua:52: in function <init_worker_by_lua:50>
2023/11/02 14:02:04 [verbose] Kong: 3.4.1.0-enterprise-edition
2023/11/02 14:02:04 [verbose] prefix in use: /usr/local/kong
2023/11/02 14:02:04 [verbose] reading config file at /usr/local/kong/.kong_env
2023/11/02 14:02:04 [verbose] prefix in use: /usr/local/kong
2023/11/02 14:02:04 [info] nginx.......not running
2023/11/02 14:02:04 [info] 
2023/11/02 14:02:06 [verbose] Kong: 3.4.1.0-enterprise-edition
2023/11/02 14:02:06 [verbose] prefix in use: /usr/local/kong
2023/11/02 14:02:06 [verbose] reading config file at /usr/local/kong/.kong_env
2023/11/02 14:02:06 [verbose] prefix in use: /usr/local/kong
2023/11/02 14:02:06 [info] nginx.......not running
2023/11/02 14:02:06 [info] 
Error: 
/usr/local/share/lua/5.1/kong/cmd/health.lua:46: Kong is not running at /usr/local/kong
stack traceback:
	[C]: in function 'assert'
	/usr/local/share/lua/5.1/kong/cmd/health.lua:46: in function 'cmd_exec'
	/usr/local/share/lua/5.1/kong/cmd/init.lua:38: in function </usr/local/share/lua/5.1/kong/cmd/init.lua:38>
	[C]: in function 'xpcall'
	/usr/local/share/lua/5.1/kong/cmd/init.lua:38: in function </usr/local/share/lua/5.1/kong/cmd/init.lua:22>
	(command line -e):7: in function 'inline_gen'
	init_worker_by_lua:44: in function <init_worker_by_lua:43>
	[C]: in function 'xpcall'
	init_worker_by_lua:52: in function <init_worker_by_lua:50>
2023/11/02 14:02:09 [verbose] Kong: 3.4.1.0-enterprise-edition
2023/11/02 14:02:09 [verbose] prefix in use: /usr/local/kong
2023/11/02 14:02:09 [verbose] reading config file at /usr/local/kong/.kong_env
2023/11/02 14:02:09 [verbose] prefix in use: /usr/local/kong
2023/11/02 14:02:09 [info] nginx.......running
2023/11/02 14:02:09 [info] 
2023/11/02 14:02:09 [info] Kong is healthy at /usr/local/kong
<wait_for_kong
<kong
>validate_kong
<validate_kong
<main
>main 
>docker_pull_images
13: Pulling from library/postgres
Digest: sha256:ced3ba927f4cf06e03eac7760f426a95367076fb31fe4e31b679f82d119a3519
Status: Image is up to date for postgres:13
docker.io/library/postgres:13
3.4.1.0: Pulling from kong/kong-gateway
Digest: sha256:cda4cb9fba4d4bf0b065a88d6ad4920c25b7903353355d9b35c54dd0288a61b0
Status: Image is up to date for kong/kong-gateway:3.4.1.0
docker.io/kong/kong-gateway:3.4.1.0
<docker_pull_images
>destroy_kong
kong-quickstart-gateway
kong-quickstart-database
kong-quickstart-net
<destroy_kong
>init
ab8e032902ea7f15c9160972445023ac78050f67b3e3c28c04c1a446e5f9dd1a
<init
>db
a4c6ff1a0fd35d1042377df7cc101e257355bea1e45187824016430c9eed2665
>wait_for_db
/var/run/postgresql:5432 - no response
/var/run/postgresql:5432 - accepting connections
<wait_for_db
>init_db
Bootstrapping database...
migrating core on database 'kong'...
core migrated up to: 000_base (executed)
core migrated up to: 003_100_to_110 (executed)
core migrated up to: 004_110_to_120 (executed)
core migrated up to: 005_120_to_130 (executed)
core migrated up to: 006_130_to_140 (executed)
core migrated up to: 007_140_to_150 (executed)
core migrated up to: 008_150_to_200 (executed)
core migrated up to: 009_200_to_210 (executed)
core migrated up to: 010_210_to_211 (executed)
core migrated up to: 011_212_to_213 (executed)
core migrated up to: 012_213_to_220 (executed)
core migrated up to: 013_220_to_230 (executed)
core migrated up to: 014_230_to_260 (executed)
core migrated up to: 015_260_to_270 (executed)
core migrated up to: 016_270_to_280 (executed)
core migrated up to: 016_280_to_300 (executed)
core migrated up to: 017_300_to_310 (executed)
core migrated up to: 018_310_to_320 (executed)
core migrated up to: 019_320_to_330 (executed)
core migrated up to: 020_330_to_340 (executed)
migrating acl on database 'kong'...
acl migrated up to: 000_base_acl (executed)
acl migrated up to: 002_130_to_140 (executed)
acl migrated up to: 003_200_to_210 (executed)
acl migrated up to: 004_212_to_213 (executed)
migrating acme on database 'kong'...
acme migrated up to: 000_base_acme (executed)
acme migrated up to: 001_280_to_300 (executed)
acme migrated up to: 002_320_to_330 (executed)
migrating basic-auth on database 'kong'...
basic-auth migrated up to: 000_base_basic_auth (executed)
basic-auth migrated up to: 002_130_to_140 (executed)
basic-auth migrated up to: 003_200_to_210 (executed)
migrating bot-detection on database 'kong'...
bot-detection migrated up to: 001_200_to_210 (executed)
migrating canary on database 'kong'...
canary migrated up to: 001_200_to_210 (executed)
migrating degraphql on database 'kong'...
degraphql migrated up to: 000_base (executed)
migrating graphql-rate-limiting-advanced on database 'kong'...
graphql-rate-limiting-advanced migrated up to: 000_base_gql_rate_limiting (executed)
migrating hmac-auth on database 'kong'...
hmac-auth migrated up to: 000_base_hmac_auth (executed)
hmac-auth migrated up to: 002_130_to_140 (executed)
hmac-auth migrated up to: 003_200_to_210 (executed)
migrating http-log on database 'kong'...
http-log migrated up to: 001_280_to_300 (executed)
migrating ip-restriction on database 'kong'...
ip-restriction migrated up to: 001_200_to_210 (executed)
migrating jwt on database 'kong'...
jwt migrated up to: 000_base_jwt (executed)
jwt migrated up to: 002_130_to_140 (executed)
jwt migrated up to: 003_200_to_210 (executed)
migrating jwt-signer on database 'kong'...
jwt-signer migrated up to: 000_base_jwt_signer (executed)
jwt-signer migrated up to: 001_200_to_210 (executed)
migrating key-auth on database 'kong'...
key-auth migrated up to: 000_base_key_auth (executed)
key-auth migrated up to: 002_130_to_140 (executed)
key-auth migrated up to: 003_200_to_210 (executed)
key-auth migrated up to: 004_320_to_330 (executed)
migrating key-auth-enc on database 'kong'...
key-auth-enc migrated up to: 000_base_key_auth_enc (executed)
key-auth-enc migrated up to: 001_200_to_210 (executed)
migrating konnect-application-auth on database 'kong'...
konnect-application-auth migrated up to: 000_base_konnect_applications (executed)
migrating mtls-auth on database 'kong'...
mtls-auth migrated up to: 000_base_mtls_auth (executed)
mtls-auth migrated up to: 001_200_to_210 (executed)
mtls-auth migrated up to: 002_2200_to_2300 (executed)
migrating oauth2 on database 'kong'...
oauth2 migrated up to: 000_base_oauth2 (executed)
oauth2 migrated up to: 003_130_to_140 (executed)
oauth2 migrated up to: 004_200_to_210 (executed)
oauth2 migrated up to: 005_210_to_211 (executed)
oauth2 migrated up to: 006_320_to_330 (executed)
oauth2 migrated up to: 007_320_to_330 (executed)
migrating openid-connect on database 'kong'...
openid-connect migrated up to: 000_base_openid_connect (executed)
openid-connect migrated up to: 001_14_to_15 (executed)
openid-connect migrated up to: 002_200_to_210 (executed)
openid-connect migrated up to: 003_280_to_300 (executed)
migrating post-function on database 'kong'...
post-function migrated up to: 001_280_to_300 (executed)
migrating pre-function on database 'kong'...
pre-function migrated up to: 001_280_to_300 (executed)
migrating proxy-cache-advanced on database 'kong'...
proxy-cache-advanced migrated up to: 001_035_to_050 (executed)
migrating rate-limiting on database 'kong'...
rate-limiting migrated up to: 000_base_rate_limiting (executed)
rate-limiting migrated up to: 003_10_to_112 (executed)
rate-limiting migrated up to: 004_200_to_210 (executed)
rate-limiting migrated up to: 005_320_to_330 (executed)
migrating response-ratelimiting on database 'kong'...
response-ratelimiting migrated up to: 000_base_response_rate_limiting (executed)
migrating session on database 'kong'...
session migrated up to: 000_base_session (executed)
session migrated up to: 001_add_ttl_index (executed)
session migrated up to: 002_320_to_330 (executed)
migrating vault-auth on database 'kong'...
vault-auth migrated up to: 000_base_vault_auth (executed)
vault-auth migrated up to: 001_280_to_300 (executed)
vault-auth migrated up to: 002_300_to_310 (executed)
migrating enterprise on database 'kong'...
enterprise migrated up to: 000_base (executed)
enterprise migrated up to: 006_1301_to_1500 (executed)
enterprise migrated up to: 006_1301_to_1302 (executed)
enterprise migrated up to: 010_1500_to_2100 (executed)
enterprise migrated up to: 007_1500_to_1504 (executed)
enterprise migrated up to: 008_1504_to_1505 (executed)
enterprise migrated up to: 007_1500_to_2100 (executed)
enterprise migrated up to: 009_1506_to_1507 (executed)
enterprise migrated up to: 009_2100_to_2200 (executed)
enterprise migrated up to: 010_2200_to_2211 (executed)
enterprise migrated up to: 010_2200_to_2300 (executed)
enterprise migrated up to: 010_2200_to_2300_1 (executed)
enterprise migrated up to: 011_2300_to_2600 (executed)
enterprise migrated up to: 012_2600_to_2700 (executed)
enterprise migrated up to: 012_2600_to_2700_1 (executed)
enterprise migrated up to: 013_2700_to_2800 (executed)
enterprise migrated up to: 014_2800_to_3000 (executed)
enterprise migrated up to: 015_3000_to_3100 (executed)
enterprise migrated up to: 016_3100_to_3200 (executed)
enterprise migrated up to: 017_3200_to_3300 (executed)
enterprise migrated up to: 018_3300_to_3400 (executed)
migrating enterprise.acl on database 'kong'...
enterprise.acl migrated up to: 001_1500_to_2100 (executed)
migrating enterprise.basic-auth on database 'kong'...
enterprise.basic-auth migrated up to: 001_1500_to_2100 (executed)
migrating enterprise.hmac-auth on database 'kong'...
enterprise.hmac-auth migrated up to: 001_1500_to_2100 (executed)
migrating enterprise.jwt on database 'kong'...
enterprise.jwt migrated up to: 001_1500_to_2100 (executed)
migrating enterprise.key-auth on database 'kong'...
enterprise.key-auth migrated up to: 001_1500_to_2100 (executed)
migrating enterprise.key-auth-enc on database 'kong'...
enterprise.key-auth-enc migrated up to: 001_1500_to_2100 (executed)
enterprise.key-auth-enc migrated up to: 002_3100_to_3200 (executed)
enterprise.key-auth-enc migrated up to: 002_2800_to_3200 (executed)
migrating enterprise.mtls-auth on database 'kong'...
enterprise.mtls-auth migrated up to: 001_1500_to_2100 (executed)
enterprise.mtls-auth migrated up to: 002_2200_to_2300 (executed)
migrating enterprise.oauth2 on database 'kong'...
enterprise.oauth2 migrated up to: 001_1500_to_2100 (executed)
enterprise.oauth2 migrated up to: 002_2200_to_2211 (executed)
migrating enterprise.request-transformer-advanced on database 'kong'...
enterprise.request-transformer-advanced migrated up to: 001_1500_to_2100 (executed)
migrating enterprise.response-transformer-advanced on database 'kong'...
enterprise.response-transformer-advanced migrated up to: 001_1500_to_2100 (executed)
113 migrations processed
113 executed
Database is up-to-date
<init_db
<db
>kong
4c120553a848a6130f3a6f47fb99080c403a06f5d34e04812cbf213722e8e02b
>wait_for_kong
Error: 
/usr/local/share/lua/5.1/kong/cmd/health.lua:24: Kong is not running at /usr/local/kong
stack traceback:
	[C]: in function 'assert'
	/usr/local/share/lua/5.1/kong/cmd/health.lua:24: in function 'cmd_exec'
	/usr/local/share/lua/5.1/kong/cmd/init.lua:38: in function </usr/local/share/lua/5.1/kong/cmd/init.lua:38>
	[C]: in function 'xpcall'
	/usr/local/share/lua/5.1/kong/cmd/init.lua:38: in function </usr/local/share/lua/5.1/kong/cmd/init.lua:22>
	(command line -e):7: in function 'inline_gen'
	init_worker_by_lua:44: in function <init_worker_by_lua:43>
	[C]: in function 'xpcall'
	init_worker_by_lua:52: in function <init_worker_by_lua:50>
2023/11/05 11:28:18 [verbose] Kong: 3.4.1.0-enterprise-edition
2023/11/05 11:28:18 [verbose] prefix in use: /usr/local/kong
2023/11/05 11:28:21 [verbose] Kong: 3.4.1.0-enterprise-edition
2023/11/05 11:28:21 [verbose] prefix in use: /usr/local/kong
2023/11/05 11:28:21 [verbose] reading config file at /usr/local/kong/.kong_env
2023/11/05 11:28:21 [verbose] prefix in use: /usr/local/kong
2023/11/05 11:28:21 [info] nginx.......not running
2023/11/05 11:28:21 [info] 
Error: 
/usr/local/share/lua/5.1/kong/cmd/health.lua:46: Kong is not running at /usr/local/kong
stack traceback:
	[C]: in function 'assert'
	/usr/local/share/lua/5.1/kong/cmd/health.lua:46: in function 'cmd_exec'
	/usr/local/share/lua/5.1/kong/cmd/init.lua:38: in function </usr/local/share/lua/5.1/kong/cmd/init.lua:38>
	[C]: in function 'xpcall'
	/usr/local/share/lua/5.1/kong/cmd/init.lua:38: in function </usr/local/share/lua/5.1/kong/cmd/init.lua:22>
	(command line -e):7: in function 'inline_gen'
	init_worker_by_lua:44: in function <init_worker_by_lua:43>
	[C]: in function 'xpcall'
	init_worker_by_lua:52: in function <init_worker_by_lua:50>
Error: 
/usr/local/share/lua/5.1/kong/cmd/health.lua:46: Kong is not running at /usr/local/kong
stack traceback:
	[C]: in function 'assert'
	/usr/local/share/lua/5.1/kong/cmd/health.lua:46: in function 'cmd_exec'
	/usr/local/share/lua/5.1/kong/cmd/init.lua:38: in function </usr/local/share/lua/5.1/kong/cmd/init.lua:38>
	[C]: in function 'xpcall'
	/usr/local/share/lua/5.1/kong/cmd/init.lua:38: in function </usr/local/share/lua/5.1/kong/cmd/init.lua:22>
	(command line -e):7: in function 'inline_gen'
	init_worker_by_lua:44: in function <init_worker_by_lua:43>
	[C]: in function 'xpcall'
	init_worker_by_lua:52: in function <init_worker_by_lua:50>
2023/11/05 11:28:24 [verbose] Kong: 3.4.1.0-enterprise-edition
2023/11/05 11:28:24 [verbose] prefix in use: /usr/local/kong
2023/11/05 11:28:24 [verbose] reading config file at /usr/local/kong/.kong_env
2023/11/05 11:28:24 [verbose] prefix in use: /usr/local/kong
2023/11/05 11:28:24 [info] nginx.......not running
2023/11/05 11:28:24 [info] 
Error: 
/usr/local/share/lua/5.1/kong/cmd/health.lua:46: Kong is not running at /usr/local/kong
stack traceback:
	[C]: in function 'assert'
	/usr/local/share/lua/5.1/kong/cmd/health.lua:46: in function 'cmd_exec'
	/usr/local/share/lua/5.1/kong/cmd/init.lua:38: in function </usr/local/share/lua/5.1/kong/cmd/init.lua:38>
	[C]: in function 'xpcall'
	/usr/local/share/lua/5.1/kong/cmd/init.lua:38: in function </usr/local/share/lua/5.1/kong/cmd/init.lua:22>
	(command line -e):7: in function 'inline_gen'
	init_worker_by_lua:44: in function <init_worker_by_lua:43>
	[C]: in function 'xpcall'
	init_worker_by_lua:52: in function <init_worker_by_lua:50>
2023/11/05 11:28:27 [verbose] Kong: 3.4.1.0-enterprise-edition
2023/11/05 11:28:27 [verbose] prefix in use: /usr/local/kong
2023/11/05 11:28:27 [verbose] reading config file at /usr/local/kong/.kong_env
2023/11/05 11:28:27 [verbose] prefix in use: /usr/local/kong
2023/11/05 11:28:27 [info] nginx.......not running
2023/11/05 11:28:27 [info] 
2023/11/05 11:28:30 [verbose] Kong: 3.4.1.0-enterprise-edition
2023/11/05 11:28:30 [verbose] prefix in use: /usr/local/kong
2023/11/05 11:28:30 [verbose] reading config file at /usr/local/kong/.kong_env
2023/11/05 11:28:30 [verbose] prefix in use: /usr/local/kong
2023/11/05 11:28:30 [info] nginx.......running
2023/11/05 11:28:30 [info] 
2023/11/05 11:28:30 [info] Kong is healthy at /usr/local/kong
<wait_for_kong
<kong
>validate_kong
<validate_kong
<main
>main 
>docker_pull_images
13: Pulling from library/postgres
Digest: sha256:ced3ba927f4cf06e03eac7760f426a95367076fb31fe4e31b679f82d119a3519
Status: Image is up to date for postgres:13
docker.io/library/postgres:13
3.4.1.0: Pulling from kong/kong-gateway
Digest: sha256:cda4cb9fba4d4bf0b065a88d6ad4920c25b7903353355d9b35c54dd0288a61b0
Status: Image is up to date for kong/kong-gateway:3.4.1.0
docker.io/kong/kong-gateway:3.4.1.0
<docker_pull_images
>destroy_kong
Error response from daemon: No such container: kong-quickstart-gateway
Error response from daemon: No such container: kong-quickstart-database
Error response from daemon: network kong-quickstart-net not found
<destroy_kong
>init
7d935e277ab04644b61e5eaaf0e2c410359872816ae05367dce28c1cf6d70565
<init
>db
249239d160f0eccc6f3e8aff25dbeb32309e7d1ba82936c955731422498ea6b0
>wait_for_db
/var/run/postgresql:5432 - no response
/var/run/postgresql:5432 - accepting connections
<wait_for_db
>init_db
Bootstrapping database...
migrating core on database 'kong'...
core migrated up to: 000_base (executed)
core migrated up to: 003_100_to_110 (executed)
core migrated up to: 004_110_to_120 (executed)
core migrated up to: 005_120_to_130 (executed)
core migrated up to: 006_130_to_140 (executed)
core migrated up to: 007_140_to_150 (executed)
core migrated up to: 008_150_to_200 (executed)
core migrated up to: 009_200_to_210 (executed)
core migrated up to: 010_210_to_211 (executed)
core migrated up to: 011_212_to_213 (executed)
core migrated up to: 012_213_to_220 (executed)
core migrated up to: 013_220_to_230 (executed)
core migrated up to: 014_230_to_260 (executed)
core migrated up to: 015_260_to_270 (executed)
core migrated up to: 016_270_to_280 (executed)
core migrated up to: 016_280_to_300 (executed)
core migrated up to: 017_300_to_310 (executed)
core migrated up to: 018_310_to_320 (executed)
core migrated up to: 019_320_to_330 (executed)
core migrated up to: 020_330_to_340 (executed)
migrating acl on database 'kong'...
acl migrated up to: 000_base_acl (executed)
acl migrated up to: 002_130_to_140 (executed)
acl migrated up to: 003_200_to_210 (executed)
acl migrated up to: 004_212_to_213 (executed)
migrating acme on database 'kong'...
acme migrated up to: 000_base_acme (executed)
acme migrated up to: 001_280_to_300 (executed)
acme migrated up to: 002_320_to_330 (executed)
migrating basic-auth on database 'kong'...
basic-auth migrated up to: 000_base_basic_auth (executed)
basic-auth migrated up to: 002_130_to_140 (executed)
basic-auth migrated up to: 003_200_to_210 (executed)
migrating bot-detection on database 'kong'...
bot-detection migrated up to: 001_200_to_210 (executed)
migrating canary on database 'kong'...
canary migrated up to: 001_200_to_210 (executed)
migrating degraphql on database 'kong'...
degraphql migrated up to: 000_base (executed)
migrating graphql-rate-limiting-advanced on database 'kong'...
graphql-rate-limiting-advanced migrated up to: 000_base_gql_rate_limiting (executed)
migrating hmac-auth on database 'kong'...
hmac-auth migrated up to: 000_base_hmac_auth (executed)
hmac-auth migrated up to: 002_130_to_140 (executed)
hmac-auth migrated up to: 003_200_to_210 (executed)
migrating http-log on database 'kong'...
http-log migrated up to: 001_280_to_300 (executed)
migrating ip-restriction on database 'kong'...
ip-restriction migrated up to: 001_200_to_210 (executed)
migrating jwt on database 'kong'...
jwt migrated up to: 000_base_jwt (executed)
jwt migrated up to: 002_130_to_140 (executed)
jwt migrated up to: 003_200_to_210 (executed)
migrating jwt-signer on database 'kong'...
jwt-signer migrated up to: 000_base_jwt_signer (executed)
jwt-signer migrated up to: 001_200_to_210 (executed)
migrating key-auth on database 'kong'...
key-auth migrated up to: 000_base_key_auth (executed)
key-auth migrated up to: 002_130_to_140 (executed)
key-auth migrated up to: 003_200_to_210 (executed)
key-auth migrated up to: 004_320_to_330 (executed)
migrating key-auth-enc on database 'kong'...
key-auth-enc migrated up to: 000_base_key_auth_enc (executed)
key-auth-enc migrated up to: 001_200_to_210 (executed)
migrating konnect-application-auth on database 'kong'...
konnect-application-auth migrated up to: 000_base_konnect_applications (executed)
migrating mtls-auth on database 'kong'...
mtls-auth migrated up to: 000_base_mtls_auth (executed)
mtls-auth migrated up to: 001_200_to_210 (executed)
mtls-auth migrated up to: 002_2200_to_2300 (executed)
migrating oauth2 on database 'kong'...
oauth2 migrated up to: 000_base_oauth2 (executed)
oauth2 migrated up to: 003_130_to_140 (executed)
oauth2 migrated up to: 004_200_to_210 (executed)
oauth2 migrated up to: 005_210_to_211 (executed)
oauth2 migrated up to: 006_320_to_330 (executed)
oauth2 migrated up to: 007_320_to_330 (executed)
migrating openid-connect on database 'kong'...
openid-connect migrated up to: 000_base_openid_connect (executed)
openid-connect migrated up to: 001_14_to_15 (executed)
openid-connect migrated up to: 002_200_to_210 (executed)
openid-connect migrated up to: 003_280_to_300 (executed)
migrating post-function on database 'kong'...
post-function migrated up to: 001_280_to_300 (executed)
migrating pre-function on database 'kong'...
pre-function migrated up to: 001_280_to_300 (executed)
migrating proxy-cache-advanced on database 'kong'...
proxy-cache-advanced migrated up to: 001_035_to_050 (executed)
migrating rate-limiting on database 'kong'...
rate-limiting migrated up to: 000_base_rate_limiting (executed)
rate-limiting migrated up to: 003_10_to_112 (executed)
rate-limiting migrated up to: 004_200_to_210 (executed)
rate-limiting migrated up to: 005_320_to_330 (executed)
migrating response-ratelimiting on database 'kong'...
response-ratelimiting migrated up to: 000_base_response_rate_limiting (executed)
migrating session on database 'kong'...
session migrated up to: 000_base_session (executed)
session migrated up to: 001_add_ttl_index (executed)
session migrated up to: 002_320_to_330 (executed)
migrating vault-auth on database 'kong'...
vault-auth migrated up to: 000_base_vault_auth (executed)
vault-auth migrated up to: 001_280_to_300 (executed)
vault-auth migrated up to: 002_300_to_310 (executed)
migrating enterprise on database 'kong'...
enterprise migrated up to: 000_base (executed)
enterprise migrated up to: 006_1301_to_1500 (executed)
enterprise migrated up to: 006_1301_to_1302 (executed)
enterprise migrated up to: 010_1500_to_2100 (executed)
enterprise migrated up to: 007_1500_to_1504 (executed)
enterprise migrated up to: 008_1504_to_1505 (executed)
enterprise migrated up to: 007_1500_to_2100 (executed)
enterprise migrated up to: 009_1506_to_1507 (executed)
enterprise migrated up to: 009_2100_to_2200 (executed)
enterprise migrated up to: 010_2200_to_2211 (executed)
enterprise migrated up to: 010_2200_to_2300 (executed)
enterprise migrated up to: 010_2200_to_2300_1 (executed)
enterprise migrated up to: 011_2300_to_2600 (executed)
enterprise migrated up to: 012_2600_to_2700 (executed)
enterprise migrated up to: 012_2600_to_2700_1 (executed)
enterprise migrated up to: 013_2700_to_2800 (executed)
enterprise migrated up to: 014_2800_to_3000 (executed)
enterprise migrated up to: 015_3000_to_3100 (executed)
enterprise migrated up to: 016_3100_to_3200 (executed)
enterprise migrated up to: 017_3200_to_3300 (executed)
enterprise migrated up to: 018_3300_to_3400 (executed)
migrating enterprise.acl on database 'kong'...
enterprise.acl migrated up to: 001_1500_to_2100 (executed)
migrating enterprise.basic-auth on database 'kong'...
enterprise.basic-auth migrated up to: 001_1500_to_2100 (executed)
migrating enterprise.hmac-auth on database 'kong'...
enterprise.hmac-auth migrated up to: 001_1500_to_2100 (executed)
migrating enterprise.jwt on database 'kong'...
enterprise.jwt migrated up to: 001_1500_to_2100 (executed)
migrating enterprise.key-auth on database 'kong'...
enterprise.key-auth migrated up to: 001_1500_to_2100 (executed)
migrating enterprise.key-auth-enc on database 'kong'...
enterprise.key-auth-enc migrated up to: 001_1500_to_2100 (executed)
enterprise.key-auth-enc migrated up to: 002_3100_to_3200 (executed)
enterprise.key-auth-enc migrated up to: 002_2800_to_3200 (executed)
migrating enterprise.mtls-auth on database 'kong'...
enterprise.mtls-auth migrated up to: 001_1500_to_2100 (executed)
enterprise.mtls-auth migrated up to: 002_2200_to_2300 (executed)
migrating enterprise.oauth2 on database 'kong'...
enterprise.oauth2 migrated up to: 001_1500_to_2100 (executed)
enterprise.oauth2 migrated up to: 002_2200_to_2211 (executed)
migrating enterprise.request-transformer-advanced on database 'kong'...
enterprise.request-transformer-advanced migrated up to: 001_1500_to_2100 (executed)
migrating enterprise.response-transformer-advanced on database 'kong'...
enterprise.response-transformer-advanced migrated up to: 001_1500_to_2100 (executed)
113 migrations processed
113 executed
Database is up-to-date
<init_db
<db
>kong
4b895ddf84be89567ec3a5edbf0bc166262531eb1dc9bf0e7ddbd7a9a0d48965
>wait_for_kong
Error: 
/usr/local/share/lua/5.1/kong/cmd/health.lua:24: Kong is not running at /usr/local/kong
stack traceback:
	[C]: in function 'assert'
	/usr/local/share/lua/5.1/kong/cmd/health.lua:24: in function 'cmd_exec'
	/usr/local/share/lua/5.1/kong/cmd/init.lua:38: in function </usr/local/share/lua/5.1/kong/cmd/init.lua:38>
	[C]: in function 'xpcall'
	/usr/local/share/lua/5.1/kong/cmd/init.lua:38: in function </usr/local/share/lua/5.1/kong/cmd/init.lua:22>
	(command line -e):7: in function 'inline_gen'
	init_worker_by_lua:44: in function <init_worker_by_lua:43>
	[C]: in function 'xpcall'
	init_worker_by_lua:52: in function <init_worker_by_lua:50>
2023/11/05 14:05:15 [verbose] Kong: 3.4.1.0-enterprise-edition
2023/11/05 14:05:15 [verbose] prefix in use: /usr/local/kong
Error: 
/usr/local/share/lua/5.1/kong/cmd/health.lua:46: Kong is not running at /usr/local/kong
stack traceback:
	[C]: in function 'assert'
	/usr/local/share/lua/5.1/kong/cmd/health.lua:46: in function 'cmd_exec'
	/usr/local/share/lua/5.1/kong/cmd/init.lua:38: in function </usr/local/share/lua/5.1/kong/cmd/init.lua:38>
	[C]: in function 'xpcall'
	/usr/local/share/lua/5.1/kong/cmd/init.lua:38: in function </usr/local/share/lua/5.1/kong/cmd/init.lua:22>
	(command line -e):7: in function 'inline_gen'
	init_worker_by_lua:44: in function <init_worker_by_lua:43>
	[C]: in function 'xpcall'
	init_worker_by_lua:52: in function <init_worker_by_lua:50>
2023/11/05 14:05:18 [verbose] Kong: 3.4.1.0-enterprise-edition
2023/11/05 14:05:18 [verbose] prefix in use: /usr/local/kong
2023/11/05 14:05:18 [verbose] reading config file at /usr/local/kong/.kong_env
2023/11/05 14:05:18 [verbose] prefix in use: /usr/local/kong
2023/11/05 14:05:18 [info] nginx.......not running
2023/11/05 14:05:18 [info] 
Error: 
/usr/local/share/lua/5.1/kong/cmd/health.lua:46: Kong is not running at /usr/local/kong
stack traceback:
	[C]: in function 'assert'
	/usr/local/share/lua/5.1/kong/cmd/health.lua:46: in function 'cmd_exec'
	/usr/local/share/lua/5.1/kong/cmd/init.lua:38: in function </usr/local/share/lua/5.1/kong/cmd/init.lua:38>
	[C]: in function 'xpcall'
	/usr/local/share/lua/5.1/kong/cmd/init.lua:38: in function </usr/local/share/lua/5.1/kong/cmd/init.lua:22>
	(command line -e):7: in function 'inline_gen'
	init_worker_by_lua:44: in function <init_worker_by_lua:43>
	[C]: in function 'xpcall'
	init_worker_by_lua:52: in function <init_worker_by_lua:50>
2023/11/05 14:05:20 [verbose] Kong: 3.4.1.0-enterprise-edition
2023/11/05 14:05:20 [verbose] prefix in use: /usr/local/kong
2023/11/05 14:05:20 [verbose] reading config file at /usr/local/kong/.kong_env
2023/11/05 14:05:20 [verbose] prefix in use: /usr/local/kong
2023/11/05 14:05:20 [info] nginx.......not running
2023/11/05 14:05:20 [info] 
2023/11/05 14:05:23 [verbose] Kong: 3.4.1.0-enterprise-edition
2023/11/05 14:05:23 [verbose] prefix in use: /usr/local/kong
2023/11/05 14:05:24 [verbose] reading config file at /usr/local/kong/.kong_env
2023/11/05 14:05:24 [verbose] prefix in use: /usr/local/kong
2023/11/05 14:05:24 [info] nginx.......running
2023/11/05 14:05:24 [info] 
2023/11/05 14:05:24 [info] Kong is healthy at /usr/local/kong
<wait_for_kong
<kong
>validate_kong
<validate_kong
<main
